2025-07-27 11:45:18,088 - asyncio - ERROR - Unclosed client session
client_session: <aiohttp.client.ClientSession object at 0x7f0140d52250>
2025-07-27 11:45:19,138 - asyncio - ERROR - Unclosed client session
client_session: <aiohttp.client.ClientSession object at 0x7f2daeb3c0d0>
2025-07-27 11:45:20,261 - asyncio - ERROR - Unclosed client session
client_session: <aiohttp.client.ClientSession object at 0x7f7e1da52250>
2025-07-27 11:45:21,555 - asyncio - ERROR - Unclosed client session
client_session: <aiohttp.client.ClientSession object at 0x7ff623f840d0>
2025-07-27 11:45:23,211 - asyncio - ERROR - Unclosed client session
client_session: <aiohttp.client.ClientSession object at 0x7ff7f1171dd0>
2025-07-27 11:45:25,736 - asyncio - ERROR - Unclosed client session
client_session: <aiohttp.client.ClientSession object at 0x7f0e9446a250>
2025-07-27 11:45:29,859 - asyncio - ERROR - Unclosed client session
client_session: <aiohttp.client.ClientSession object at 0x7efc44977910>
2025-07-27 11:45:37,155 - asyncio - ERROR - Unclosed client session
client_session: <aiohttp.client.ClientSession object at 0x7feea03476d0>
2025-07-27 11:45:50,871 - asyncio - ERROR - Unclosed client session
client_session: <aiohttp.client.ClientSession object at 0x7fc50fb200d0>
2025-07-27 11:46:44,591 - bot - INFO - Bot is starting...
2025-07-27 11:46:44,603 - bot - INFO - Database initialized successfully
2025-07-27 11:46:44,604 - bot - INFO - All background monitors started.
2025-07-27 11:46:44,605 - bot - INFO - All background monitors stopped.
2025-07-27 11:46:44,638 - asyncio - ERROR - _GatheringFuture exception was never retrieved
future: <_GatheringFuture finished exception=CancelledError()>
Traceback (most recent call last):
  File "/app/src/blockchain_payments.py", line 72, in _monitor_pending_payments
    async def _monitor_pending_payments(self):
asyncio.exceptions.CancelledError
2025-07-27 11:46:45,911 - bot - INFO - Bot is starting...
2025-07-27 11:46:45,913 - bot - INFO - Database initialized successfully
2025-07-27 11:46:45,913 - bot - INFO - All background monitors started.
2025-07-27 11:46:45,914 - bot - INFO - All background monitors stopped.
2025-07-27 11:46:45,943 - asyncio - ERROR - _GatheringFuture exception was never retrieved
future: <_GatheringFuture finished exception=CancelledError()>
Traceback (most recent call last):
  File "/app/src/blockchain_payments.py", line 72, in _monitor_pending_payments
    async def _monitor_pending_payments(self):
asyncio.exceptions.CancelledError
2025-07-27 11:46:47,097 - bot - INFO - Bot is starting...
2025-07-27 11:46:47,098 - bot - INFO - Database initialized successfully
2025-07-27 11:46:47,099 - bot - INFO - All background monitors started.
2025-07-27 11:46:47,100 - bot - INFO - All background monitors stopped.
2025-07-27 11:46:47,124 - asyncio - ERROR - _GatheringFuture exception was never retrieved
future: <_GatheringFuture finished exception=CancelledError()>
Traceback (most recent call last):
  File "/app/src/blockchain_payments.py", line 72, in _monitor_pending_payments
    async def _monitor_pending_payments(self):
asyncio.exceptions.CancelledError
2025-07-27 11:46:48,367 - bot - INFO - Bot is starting...
2025-07-27 11:46:48,368 - bot - INFO - Database initialized successfully
2025-07-27 11:46:48,369 - bot - INFO - All background monitors started.
2025-07-27 11:46:48,370 - bot - INFO - All background monitors stopped.
2025-07-27 11:46:48,395 - asyncio - ERROR - _GatheringFuture exception was never retrieved
future: <_GatheringFuture finished exception=CancelledError()>
Traceback (most recent call last):
  File "/app/src/blockchain_payments.py", line 72, in _monitor_pending_payments
    async def _monitor_pending_payments(self):
asyncio.exceptions.CancelledError
2025-07-27 11:46:50,045 - bot - INFO - Bot is starting...
2025-07-27 11:46:50,047 - bot - INFO - Database initialized successfully
2025-07-27 11:46:50,047 - bot - INFO - All background monitors started.
2025-07-27 11:46:50,048 - bot - INFO - All background monitors stopped.
2025-07-27 11:46:50,077 - asyncio - ERROR - _GatheringFuture exception was never retrieved
future: <_GatheringFuture finished exception=CancelledError()>
Traceback (most recent call last):
  File "/app/src/blockchain_payments.py", line 72, in _monitor_pending_payments
    async def _monitor_pending_payments(self):
asyncio.exceptions.CancelledError
2025-07-27 11:46:52,521 - bot - INFO - Bot is starting...
2025-07-27 11:46:52,523 - bot - INFO - Database initialized successfully
2025-07-27 11:46:52,523 - bot - INFO - All background monitors started.
2025-07-27 11:46:52,524 - bot - INFO - All background monitors stopped.
2025-07-27 11:46:52,556 - asyncio - ERROR - _GatheringFuture exception was never retrieved
future: <_GatheringFuture finished exception=CancelledError()>
Traceback (most recent call last):
  File "/app/src/blockchain_payments.py", line 72, in _monitor_pending_payments
    async def _monitor_pending_payments(self):
asyncio.exceptions.CancelledError
2025-07-27 11:46:56,693 - bot - INFO - Bot is starting...
2025-07-27 11:46:56,695 - bot - INFO - Database initialized successfully
2025-07-27 11:46:56,695 - bot - INFO - All background monitors started.
2025-07-27 11:46:56,696 - bot - INFO - All background monitors stopped.
2025-07-27 11:46:56,722 - asyncio - ERROR - _GatheringFuture exception was never retrieved
future: <_GatheringFuture finished exception=CancelledError()>
Traceback (most recent call last):
  File "/app/src/blockchain_payments.py", line 72, in _monitor_pending_payments
    async def _monitor_pending_payments(self):
asyncio.exceptions.CancelledError
2025-07-27 11:47:04,053 - bot - INFO - Bot is starting...
2025-07-27 11:47:04,054 - bot - INFO - Database initialized successfully
2025-07-27 11:47:04,055 - bot - INFO - All background monitors started.
2025-07-27 11:47:04,056 - bot - INFO - All background monitors stopped.
2025-07-27 11:47:04,084 - asyncio - ERROR - _GatheringFuture exception was never retrieved
future: <_GatheringFuture finished exception=CancelledError()>
Traceback (most recent call last):
  File "/app/src/blockchain_payments.py", line 72, in _monitor_pending_payments
    async def _monitor_pending_payments(self):
asyncio.exceptions.CancelledError
2025-07-27 11:47:17,785 - bot - INFO - Bot is starting...
2025-07-27 11:47:17,786 - bot - INFO - Database initialized successfully
2025-07-27 11:47:17,787 - bot - INFO - All background monitors started.
2025-07-27 11:47:17,787 - bot - INFO - All background monitors stopped.
2025-07-27 11:47:17,811 - asyncio - ERROR - _GatheringFuture exception was never retrieved
future: <_GatheringFuture finished exception=CancelledError()>
Traceback (most recent call last):
  File "/app/src/blockchain_payments.py", line 72, in _monitor_pending_payments
    async def _monitor_pending_payments(self):
asyncio.exceptions.CancelledError
2025-07-27 11:47:44,266 - bot - INFO - Bot is starting...
2025-07-27 11:47:44,267 - bot - INFO - Database initialized successfully
2025-07-27 11:47:44,267 - bot - INFO - All background monitors started.
2025-07-27 11:47:44,268 - bot - INFO - All background monitors stopped.
2025-07-27 11:47:44,293 - asyncio - ERROR - _GatheringFuture exception was never retrieved
future: <_GatheringFuture finished exception=CancelledError()>
Traceback (most recent call last):
  File "/app/src/blockchain_payments.py", line 72, in _monitor_pending_payments
    async def _monitor_pending_payments(self):
asyncio.exceptions.CancelledError
